# JRE version: Java(TM) SE Runtime Environment (18.0.2+9) (build 18.0.2+9-61)
# Java VM: Java HotSpot(TM) 64-Bit Server VM (18.0.2+9-61, mixed mode, sharing, tiered, compressed oops, compressed class ptrs, g1 gc, windows-amd64)
GC Precious Log:
 CardTable entry size: 512
 Card Set container configuration: InlinePtr #cards 5 size 8 Array Of Cards #cards 12 size 40 Howl #buckets 4 coarsen threshold 1843 Howl Bitmap #cards 512 size 80 coarsen threshold 460 Card regions per heap region 1 cards per card region 2048
 CPUs: 2 total, 2 available
 Memory: 4000M
 Large Page Support: Disabled
 NUMA Support: Disabled
 Compressed Oops: Enabled (32-bit)
 Heap Region Size: 1M
 Heap Min Capacity: 8M
 Heap Initial Capacity: 64M
 Heap Max Capacity: 1002M
 Pre-touch: Disabled
 Parallel Workers: 2
 Concurrent Workers: 1
 Concurrent Refinement Workers: 2
 Periodic GC: Disabled
Heap:
 garbage-first heap   total 81920K, used 33278K [0x00000000c1600000, 0x0000000100000000)
  region size 1024K, 17 young (17408K), 1 survivors (1024K)
 Metaspace       used 23091K, committed 23424K, reserved 1114112K
  class space    used 2514K, committed 2688K, reserved 1048576K
GC Heap History (20 events):
Event: 2.523 GC heap before
{Heap before GC invocations=0 (full 0):
 garbage-first heap   total 65536K, used 6144K [0x00000000c1600000, 0x0000000100000000)
  region size 1024K, 6 young (6144K), 0 survivors (0K)
 Metaspace       used 2292K, committed 2432K, reserved 1114112K
  class space    used 205K, committed 256K, reserved 1048576K
}
Event: 2.532 GC heap after
{Heap after GC invocations=1 (full 0):
 garbage-first heap   total 65536K, used 2176K [0x00000000c1600000, 0x0000000100000000)
  region size 1024K, 1 young (1024K), 1 survivors (1024K)
 Metaspace       used 2292K, committed 2432K, reserved 1114112K
  class space    used 205K, committed 256K, reserved 1048576K
}
Event: 3.132 GC heap before
{Heap before GC invocations=1 (full 0):
 garbage-first heap   total 65536K, used 6272K [0x00000000c1600000, 0x0000000100000000)
  region size 1024K, 5 young (5120K), 1 survivors (1024K)
 Metaspace       used 3241K, committed 3456K, reserved 1114112K
  class space    used 314K, committed 448K, reserved 1048576K
}
Event: 3.141 GC heap after
{Heap after GC invocations=2 (full 0):
 garbage-first heap   total 65536K, used 3289K [0x00000000c1600000, 0x0000000100000000)
  region size 1024K, 1 young (1024K), 1 survivors (1024K)
 Metaspace       used 3241K, committed 3456K, reserved 1114112K
  class space    used 314K, committed 448K, reserved 1048576K
}
Event: 4.154 GC heap before
{Heap before GC invocations=2 (full 0):
 garbage-first heap   total 65536K, used 11481K [0x00000000c1600000, 0x0000000100000000)
  region size 1024K, 10 young (10240K), 1 survivors (1024K)
 Metaspace       used 5373K, committed 5568K, reserved 1114112K
  class space    used 597K, committed 704K, reserved 1048576K
}
Event: 4.162 GC heap after
{Heap after GC invocations=3 (full 0):
 garbage-first heap   total 65536K, used 3843K [0x00000000c1600000, 0x0000000100000000)
  region size 1024K, 2 young (2048K), 2 survivors (2048K)
 Metaspace       used 5373K, committed 5568K, reserved 1114112K
  class space    used 597K, committed 704K, reserved 1048576K
}
Event: 7.001 GC heap before
{Heap before GC invocations=3 (full 0):
 garbage-first heap   total 65536K, used 39683K [0x00000000c1600000, 0x0000000100000000)
  region size 1024K, 38 young (38912K), 2 survivors (2048K)
 Metaspace       used 10566K, committed 10816K, reserved 1114112K
  class space    used 1256K, committed 1344K, reserved 1048576K
}
Event: 7.022 GC heap after
{Heap after GC invocations=4 (full 0):
 garbage-first heap   total 65536K, used 6033K [0x00000000c1600000, 0x0000000100000000)
  region size 1024K, 4 young (4096K), 4 survivors (4096K)
 Metaspace       used 10566K, committed 10816K, reserved 1114112K
  class space    used 1256K, committed 1344K, reserved 1048576K
}
Event: 9.750 GC heap before
{Heap before GC invocations=4 (full 0):
 garbage-first heap   total 65536K, used 40849K [0x00000000c1600000, 0x0000000100000000)
  region size 1024K, 38 young (38912K), 4 survivors (4096K)
 Metaspace       used 13316K, committed 13632K, reserved 1114112K
  class space    used 1495K, committed 1600K, reserved 1048576K
}
Event: 9.787 GC heap after
{Heap after GC invocations=5 (full 0):
 garbage-first heap   total 65536K, used 9963K [0x00000000c1600000, 0x0000000100000000)
  region size 1024K, 5 young (5120K), 5 survivors (5120K)
 Metaspace       used 13316K, committed 13632K, reserved 1114112K
  class space    used 1495K, committed 1600K, reserved 1048576K
}
Event: 11.503 GC heap before
{Heap before GC invocations=5 (full 0):
 garbage-first heap   total 65536K, used 43755K [0x00000000c1600000, 0x0000000100000000)
  region size 1024K, 38 young (38912K), 5 survivors (5120K)
 Metaspace       used 13885K, committed 14144K, reserved 1114112K
  class space    used 1508K, committed 1600K, reserved 1048576K
}
Event: 11.539 GC heap after
{Heap after GC invocations=6 (full 0):
 garbage-first heap   total 65536K, used 12625K [0x00000000c1600000, 0x0000000100000000)
  region size 1024K, 3 young (3072K), 3 survivors (3072K)
 Metaspace       used 13885K, committed 14144K, reserved 1114112K
  class space    used 1508K, committed 1600K, reserved 1048576K
}
Event: 13.336 GC heap before
{Heap before GC invocations=6 (full 0):
 garbage-first heap   total 65536K, used 49489K [0x00000000c1600000, 0x0000000100000000)
  region size 1024K, 32 young (32768K), 3 survivors (3072K)
 Metaspace       used 15146K, committed 15488K, reserved 1114112K
  class space    used 1611K, committed 1792K, reserved 1048576K
}
Event: 13.350 GC heap after
{Heap after GC invocations=7 (full 0):
 garbage-first heap   total 65536K, used 22408K [0x00000000c1600000, 0x0000000100000000)
  region size 1024K, 4 young (4096K), 4 survivors (4096K)
 Metaspace       used 15146K, committed 15488K, reserved 1114112K
  class space    used 1611K, committed 1792K, reserved 1048576K
}
Event: 13.360 GC heap before
{Heap before GC invocations=7 (full 0):
 garbage-first heap   total 65536K, used 34696K [0x00000000c1600000, 0x0000000100000000)
  region size 1024K, 5 young (5120K), 4 survivors (4096K)
 Metaspace       used 15146K, committed 15488K, reserved 1114112K
  class space    used 1611K, committed 1792K, reserved 1048576K
}
Event: 13.372 GC heap after
{Heap after GC invocations=8 (full 0):
 garbage-first heap   total 65536K, used 35177K [0x00000000c1600000, 0x0000000100000000)
  region size 1024K, 3 young (3072K), 3 survivors (3072K)
 Metaspace       used 15146K, committed 15488K, reserved 1114112K
  class space    used 1611K, committed 1792K, reserved 1048576K
}
Event: 15.166 GC heap before
{Heap before GC invocations=9 (full 0):
 garbage-first heap   total 81920K, used 65897K [0x00000000c1600000, 0x0000000100000000)
  region size 1024K, 20 young (20480K), 3 survivors (3072K)
 Metaspace       used 18254K, committed 18624K, reserved 1114112K
  class space    used 2011K, committed 2176K, reserved 1048576K
}
Event: 15.176 GC heap after
{Heap after GC invocations=10 (full 0):
 garbage-first heap   total 81920K, used 15275K [0x00000000c1600000, 0x0000000100000000)
  region size 1024K, 1 young (1024K), 1 survivors (1024K)
 Metaspace       used 18254K, committed 18624K, reserved 1114112K
  class space    used 2011K, committed 2176K, reserved 1048576K
}
Event: 15.805 GC heap before
{Heap before GC invocations=10 (full 0):
 garbage-first heap   total 81920K, used 19371K [0x00000000c1600000, 0x0000000100000000)
  region size 1024K, 4 young (4096K), 1 survivors (1024K)
 Metaspace       used 21979K, committed 22336K, reserved 1114112K
  class space    used 2423K, committed 2560K, reserved 1048576K
}
Event: 15.815 GC heap after
{Heap after GC invocations=11 (full 0):
 garbage-first heap   total 81920K, used 17918K [0x00000000c1600000, 0x0000000100000000)
  region size 1024K, 1 young (1024K), 1 survivors (1024K)
 Metaspace       used 21979K, committed 22336K, reserved 1114112K
  class space    used 2423K, committed 2560K, reserved 1048576K
}

