# JRE version: Java(TM) SE Runtime Environment (18.0.2+9) (build 18.0.2+9-61)
# Java VM: Java HotSpot(TM) 64-Bit Server VM (18.0.2+9-61, mixed mode, sharing, tiered, compressed oops, compressed class ptrs, g1 gc, windows-amd64)
GC Precious Log:
 CardTable entry size: 512
 Card Set container configuration: InlinePtr #cards 5 size 8 Array Of Cards #cards 12 size 40 Howl #buckets 4 coarsen threshold 1843 Howl Bitmap #cards 512 size 80 coarsen threshold 460 Card regions per heap region 1 cards per card region 2048
 CPUs: 2 total, 2 available
 Memory: 4000M
 Large Page Support: Disabled
 NUMA Support: Disabled
 Compressed Oops: Enabled (32-bit)
 Heap Region Size: 1M
 Heap Min Capacity: 8M
 Heap Initial Capacity: 64M
 Heap Max Capacity: 1002M
 Pre-touch: Disabled
 Parallel Workers: 2
 Concurrent Workers: 1
 Concurrent Refinement Workers: 2
 Periodic GC: Disabled
Heap:
 garbage-first heap   total 48128K, used 22526K [0x00000000c1600000, 0x0000000100000000)
  region size 1024K, 8 young (8192K), 2 survivors (2048K)
 Metaspace       used 35349K, committed 35776K, reserved 1114112K
  class space    used 4651K, committed 4864K, reserved 1048576K
GC Heap History (20 events):
Event: 0.959 GC heap before
{Heap before GC invocations=0 (full 0):
 garbage-first heap   total 65536K, used 6144K [0x00000000c1600000, 0x0000000100000000)
  region size 1024K, 6 young (6144K), 0 survivors (0K)
 Metaspace       used 767K, committed 896K, reserved 1114112K
  class space    used 50K, committed 128K, reserved 1048576K
}
Event: 0.969 GC heap after
{Heap after GC invocations=1 (full 0):
 garbage-first heap   total 65536K, used 4908K [0x00000000c1600000, 0x0000000100000000)
  region size 1024K, 1 young (1024K), 1 survivors (1024K)
 Metaspace       used 767K, committed 896K, reserved 1114112K
  class space    used 50K, committed 128K, reserved 1048576K
}
Event: 1.376 GC heap before
{Heap before GC invocations=1 (full 0):
 garbage-first heap   total 65536K, used 6956K [0x00000000c1600000, 0x0000000100000000)
  region size 1024K, 3 young (3072K), 1 survivors (1024K)
 Metaspace       used 1780K, committed 1984K, reserved 1114112K
  class space    used 147K, committed 256K, reserved 1048576K
}
Event: 1.385 GC heap after
{Heap after GC invocations=2 (full 0):
 garbage-first heap   total 65536K, used 5701K [0x00000000c1600000, 0x0000000100000000)
  region size 1024K, 1 young (1024K), 1 survivors (1024K)
 Metaspace       used 1780K, committed 1984K, reserved 1114112K
  class space    used 147K, committed 256K, reserved 1048576K
}
Event: 2.291 GC heap before
{Heap before GC invocations=2 (full 0):
 garbage-first heap   total 65536K, used 10821K [0x00000000c1600000, 0x0000000100000000)
  region size 1024K, 7 young (7168K), 1 survivors (1024K)
 Metaspace       used 3665K, committed 3840K, reserved 1114112K
  class space    used 379K, committed 448K, reserved 1048576K
}
Event: 2.300 GC heap after
{Heap after GC invocations=3 (full 0):
 garbage-first heap   total 65536K, used 6429K [0x00000000c1600000, 0x0000000100000000)
  region size 1024K, 1 young (1024K), 1 survivors (1024K)
 Metaspace       used 3665K, committed 3840K, reserved 1114112K
  class space    used 379K, committed 448K, reserved 1048576K
}
Event: 4.221 GC heap before
{Heap before GC invocations=3 (full 0):
 garbage-first heap   total 65536K, used 19741K [0x00000000c1600000, 0x0000000100000000)
  region size 1024K, 15 young (15360K), 1 survivors (1024K)
 Metaspace       used 7024K, committed 7168K, reserved 1114112K
  class space    used 823K, committed 896K, reserved 1048576K
}
Event: 4.231 GC heap after
{Heap after GC invocations=4 (full 0):
 garbage-first heap   total 65536K, used 7491K [0x00000000c1600000, 0x0000000100000000)
  region size 1024K, 2 young (2048K), 2 survivors (2048K)
 Metaspace       used 7024K, committed 7168K, reserved 1114112K
  class space    used 823K, committed 896K, reserved 1048576K
}
Event: 7.826 GC heap before
{Heap before GC invocations=4 (full 0):
 garbage-first heap   total 65536K, used 43331K [0x00000000c1600000, 0x0000000100000000)
  region size 1024K, 39 young (39936K), 2 survivors (2048K)
 Metaspace       used 16432K, committed 16640K, reserved 1114112K
  class space    used 2024K, committed 2112K, reserved 1048576K
}
Event: 7.851 GC heap after
{Heap after GC invocations=5 (full 0):
 garbage-first heap   total 65536K, used 10041K [0x00000000c1600000, 0x0000000100000000)
  region size 1024K, 5 young (5120K), 5 survivors (5120K)
 Metaspace       used 16432K, committed 16640K, reserved 1114112K
  class space    used 2024K, committed 2112K, reserved 1048576K
}
Event: 11.634 GC heap before
{Heap before GC invocations=5 (full 0):
 garbage-first heap   total 65536K, used 42809K [0x00000000c1600000, 0x0000000100000000)
  region size 1024K, 38 young (38912K), 5 survivors (5120K)
 Metaspace       used 21298K, committed 21504K, reserved 1114112K
  class space    used 2636K, committed 2752K, reserved 1048576K
}
Event: 11.659 GC heap after
{Heap after GC invocations=6 (full 0):
 garbage-first heap   total 65536K, used 11833K [0x00000000c1600000, 0x0000000100000000)
  region size 1024K, 5 young (5120K), 5 survivors (5120K)
 Metaspace       used 21298K, committed 21504K, reserved 1114112K
  class space    used 2636K, committed 2752K, reserved 1048576K
}
Event: 14.740 GC heap before
{Heap before GC invocations=7 (full 0):
 garbage-first heap   total 48128K, used 35385K [0x00000000c1600000, 0x0000000100000000)
  region size 1024K, 28 young (28672K), 5 survivors (5120K)
 Metaspace       used 25404K, committed 25728K, reserved 1114112K
  class space    used 3275K, committed 3456K, reserved 1048576K
}
Event: 14.774 GC heap after
{Heap after GC invocations=8 (full 0):
 garbage-first heap   total 48128K, used 13850K [0x00000000c1600000, 0x0000000100000000)
  region size 1024K, 4 young (4096K), 4 survivors (4096K)
 Metaspace       used 25404K, committed 25728K, reserved 1114112K
  class space    used 3275K, committed 3456K, reserved 1048576K
}
Event: 14.865 GC heap before
{Heap before GC invocations=8 (full 0):
 garbage-first heap   total 48128K, used 14874K [0x00000000c1600000, 0x0000000100000000)
  region size 1024K, 5 young (5120K), 4 survivors (4096K)
 Metaspace       used 25547K, committed 25856K, reserved 1114112K
  class space    used 3297K, committed 3456K, reserved 1048576K
}
Event: 14.887 GC heap after
{Heap after GC invocations=9 (full 0):
 garbage-first heap   total 48128K, used 14686K [0x00000000c1600000, 0x0000000100000000)
  region size 1024K, 1 young (1024K), 1 survivors (1024K)
 Metaspace       used 25547K, committed 25856K, reserved 1114112K
  class space    used 3297K, committed 3456K, reserved 1048576K
}
Event: 17.301 GC heap before
{Heap before GC invocations=9 (full 0):
 garbage-first heap   total 48128K, used 34142K [0x00000000c1600000, 0x0000000100000000)
  region size 1024K, 21 young (21504K), 1 survivors (1024K)
 Metaspace       used 29643K, committed 29952K, reserved 1114112K
  class space    used 3752K, committed 3904K, reserved 1048576K
}
Event: 17.312 GC heap after
{Heap after GC invocations=10 (full 0):
 garbage-first heap   total 48128K, used 16250K [0x00000000c1600000, 0x0000000100000000)
  region size 1024K, 3 young (3072K), 3 survivors (3072K)
 Metaspace       used 29643K, committed 29952K, reserved 1114112K
  class space    used 3752K, committed 3904K, reserved 1048576K
}
Event: 19.125 GC heap before
{Heap before GC invocations=10 (full 0):
 garbage-first heap   total 48128K, used 34682K [0x00000000c1600000, 0x0000000100000000)
  region size 1024K, 21 young (21504K), 3 survivors (3072K)
 Metaspace       used 33613K, committed 33984K, reserved 1114112K
  class space    used 4360K, committed 4544K, reserved 1048576K
}
Event: 19.141 GC heap after
{Heap after GC invocations=11 (full 0):
 garbage-first heap   total 48128K, used 17406K [0x00000000c1600000, 0x0000000100000000)
  region size 1024K, 2 young (2048K), 2 survivors (2048K)
 Metaspace       used 33613K, committed 33984K, reserved 1114112K
  class space    used 4360K, committed 4544K, reserved 1048576K
}

