# JRE version: Java(TM) SE Runtime Environment (18.0.2+9) (build 18.0.2+9-61)
# Java VM: Java HotSpot(TM) 64-Bit Server VM (18.0.2+9-61, mixed mode, tiered, compressed oops, compressed class ptrs, g1 gc, windows-amd64)
GC Precious Log:
 CardTable entry size: 512
 Card Set container configuration: InlinePtr #cards 5 size 8 Array Of Cards #cards 12 size 40 Howl #buckets 4 coarsen threshold 1843 Howl Bitmap #cards 512 size 80 coarsen threshold 460 Card regions per heap region 1 cards per card region 2048
 CPUs: 2 total, 2 available
 Memory: 4000M
 Large Page Support: Disabled
 NUMA Support: Disabled
 Compressed Oops: Enabled (32-bit)
 Heap Region Size: 1M
 Heap Min Capacity: 8M
 Heap Initial Capacity: 64M
 Heap Max Capacity: 1002M
 Pre-touch: Disabled
 Parallel Workers: 2
 Concurrent Workers: 1
 Concurrent Refinement Workers: 2
 Periodic GC: Disabled
Heap:
 garbage-first heap   total 65536K, used 5929K [0x00000000c1600000, 0x0000000100000000)
  region size 1024K, 5 young (5120K), 4 survivors (4096K)
 Metaspace       used 18615K, committed 18880K, reserved 1114112K
  class space    used 1950K, committed 2112K, reserved 1048576K
GC Heap History (6 events):
Event: 2.438 GC heap before
{Heap before GC invocations=0 (full 0):
 garbage-first heap   total 65536K, used 6144K [0x00000000c1600000, 0x0000000100000000)
  region size 1024K, 6 young (6144K), 0 survivors (0K)
 Metaspace       used 8706K, committed 8896K, reserved 1114112K
  class space    used 730K, committed 832K, reserved 1048576K
}
Event: 2.449 GC heap after
{Heap after GC invocations=1 (full 0):
 garbage-first heap   total 65536K, used 2184K [0x00000000c1600000, 0x0000000100000000)
  region size 1024K, 1 young (1024K), 1 survivors (1024K)
 Metaspace       used 8706K, committed 8896K, reserved 1114112K
  class space    used 730K, committed 832K, reserved 1048576K
}
Event: 3.243 GC heap before
{Heap before GC invocations=1 (full 0):
 garbage-first heap   total 65536K, used 6280K [0x00000000c1600000, 0x0000000100000000)
  region size 1024K, 5 young (5120K), 1 survivors (1024K)
 Metaspace       used 10683K, committed 10944K, reserved 1114112K
  class space    used 929K, committed 1088K, reserved 1048576K
}
Event: 3.253 GC heap after
{Heap after GC invocations=2 (full 0):
 garbage-first heap   total 65536K, used 3304K [0x00000000c1600000, 0x0000000100000000)
  region size 1024K, 1 young (1024K), 1 survivors (1024K)
 Metaspace       used 10683K, committed 10944K, reserved 1114112K
  class space    used 929K, committed 1088K, reserved 1048576K
}
Event: 4.513 GC heap before
{Heap before GC invocations=2 (full 0):
 garbage-first heap   total 65536K, used 12520K [0x00000000c1600000, 0x0000000100000000)
  region size 1024K, 10 young (10240K), 1 survivors (1024K)
 Metaspace       used 13309K, committed 13504K, reserved 1114112K
  class space    used 1274K, committed 1344K, reserved 1048576K
}
Event: 4.523 GC heap after
{Heap after GC invocations=3 (full 0):
 garbage-first heap   total 65536K, used 3852K [0x00000000c1600000, 0x0000000100000000)
  region size 1024K, 2 young (2048K), 2 survivors (2048K)
 Metaspace       used 13309K, committed 13504K, reserved 1114112K
  class space    used 1274K, committed 1344K, reserved 1048576K
}

